15:25:39.795 INFO [GridLauncherV3.parse] - Selenium server version: 3.141.59, revision: e82be7d358
15:25:39.900 INFO [GridLauncherV3.lambda$buildLaunchers$3] - Launching a standalone Selenium Server on port 4444
2021-01-17 15:25:39.959:INFO::main: Logging initialized @385ms to org.seleniumhq.jetty9.util.log.StdErrLog
15:25:40.213 INFO [WebDriverServlet.<init>] - Initialising WebDriverServlet
15:25:40.384 INFO [SeleniumServer.boot] - Selenium Server is up and running on port 4444
15:25:46.685 INFO [ActiveSessionFactory.apply] - Capabilities are: {
  "acceptSslCerts": true,
  "browserName": "chrome",
  "chromeOptions": {
    "w3c": false,
    "args": [
      "disable-gpu",
      "headless"
    ]
  },
  "javascriptEnabled": true,
  "name": "Register"
}
15:25:46.687 INFO [ActiveSessionFactory.lambda$apply$11] - Matched factory org.openqa.selenium.grid.session.remote.ServicedSession$Factory (provider: org.openqa.selenium.chrome.ChromeDriverService)
Starting ChromeDriver 87.0.4280.20 (c99e81631faa0b2a448e658c0dbd8311fb04ddbd-refs/branch-heads/4280@{#355}) on port 46520
Only local connections are allowed.
Please see https://chromedriver.chromium.org/security-considerations for suggestions on keeping ChromeDriver safe.
ChromeDriver was started successfully.
15:25:50.350 INFO [ProtocolHandshake.createSession] - Detected dialect: OSS
15:25:50.638 INFO [RemoteSession$Factory.lambda$performHandshake$0] - Started new session 0467f4a35d496ed7d55e955d5696512f (org.openqa.selenium.chrome.ChromeDriverService)
15:25:55.197 INFO [ActiveSessions$1.onStop] - Removing session 0467f4a35d496ed7d55e955d5696512f (org.openqa.selenium.chrome.ChromeDriverService)
15:25:55.273 INFO [ActiveSessionFactory.apply] - Capabilities are: {
  "acceptSslCerts": true,
  "browserName": "chrome",
  "chromeOptions": {
    "w3c": false,
    "args": [
      "disable-gpu",
      "headless"
    ]
  },
  "javascriptEnabled": true,
  "name": "Register"
}
15:25:55.274 INFO [ActiveSessionFactory.lambda$apply$11] - Matched factory org.openqa.selenium.grid.session.remote.ServicedSession$Factory (provider: org.openqa.selenium.chrome.ChromeDriverService)
Starting ChromeDriver 87.0.4280.20 (c99e81631faa0b2a448e658c0dbd8311fb04ddbd-refs/branch-heads/4280@{#355}) on port 4184
Only local connections are allowed.
Please see https://chromedriver.chromium.org/security-considerations for suggestions on keeping ChromeDriver safe.
ChromeDriver was started successfully.
15:25:58.477 INFO [ProtocolHandshake.createSession] - Detected dialect: OSS
15:25:58.553 INFO [RemoteSession$Factory.lambda$performHandshake$0] - Started new session 4cc11511c947e7ca368f9f3910613b1d (org.openqa.selenium.chrome.ChromeDriverService)
15:26:04.341 INFO [ActiveSessions$1.onStop] - Removing session 4cc11511c947e7ca368f9f3910613b1d (org.openqa.selenium.chrome.ChromeDriverService)
